# JRE version: OpenJDK Runtime Environment (11.0.2+9) (build 11.0.2+9)
# Java VM: OpenJDK 64-Bit Server VM (11.0.2+9, mixed mode, tiered, compressed oops, g1 gc, windows-amd64)
Heap:
 garbage-first heap   total 314368K, used 147075K [0x0000000740000000, 0x0000000800000000)
  region size 1024K, 55 young (56320K), 1 survivors (1024K)
 Metaspace       used 96127K, capacity 98757K, committed 98864K, reserved 1134592K
  class space    used 13454K, capacity 14664K, committed 14720K, reserved 1048576K
GC Heap History (10 events):
Event: 436.388 GC heap before
{Heap before GC invocations=335 (full 129):
 garbage-first heap   total 314368K, used 153164K [0x0000000740000000, 0x0000000800000000)
  region size 1024K, 60 young (61440K), 1 survivors (1024K)
 Metaspace       used 96054K, capacity 98757K, committed 98864K, reserved 1134592K
  class space    used 13454K, capacity 14664K, committed 14720K, reserved 1048576K
}
Event: 436.389 GC heap after
{Heap after GC invocations=336 (full 129):
 garbage-first heap   total 314368K, used 92923K [0x0000000740000000, 0x0000000800000000)
  region size 1024K, 1 young (1024K), 1 survivors (1024K)
 Metaspace       used 96054K, capacity 98757K, committed 98864K, reserved 1134592K
  class space    used 13454K, capacity 14664K, committed 14720K, reserved 1048576K
}
Event: 438.752 GC heap before
{Heap before GC invocations=336 (full 129):
 garbage-first heap   total 314368K, used 153339K [0x0000000740000000, 0x0000000800000000)
  region size 1024K, 60 young (61440K), 1 survivors (1024K)
 Metaspace       used 96083K, capacity 98757K, committed 98864K, reserved 1134592K
  class space    used 13454K, capacity 14664K, committed 14720K, reserved 1048576K
}
Event: 438.754 GC heap after
{Heap after GC invocations=337 (full 129):
 garbage-first heap   total 314368K, used 92973K [0x0000000740000000, 0x0000000800000000)
  region size 1024K, 1 young (1024K), 1 survivors (1024K)
 Metaspace       used 96083K, capacity 98757K, committed 98864K, reserved 1134592K
  class space    used 13454K, capacity 14664K, committed 14720K, reserved 1048576K
}
Event: 439.583 GC heap before
{Heap before GC invocations=338 (full 129):
 garbage-first heap   total 314368K, used 153389K [0x0000000740000000, 0x0000000800000000)
  region size 1024K, 60 young (61440K), 1 survivors (1024K)
 Metaspace       used 96091K, capacity 98757K, committed 98864K, reserved 1134592K
  class space    used 13454K, capacity 14664K, committed 14720K, reserved 1048576K
}
Event: 439.585 GC heap after
{Heap after GC invocations=339 (full 129):
 garbage-first heap   total 314368K, used 93318K [0x0000000740000000, 0x0000000800000000)
  region size 1024K, 1 young (1024K), 1 survivors (1024K)
 Metaspace       used 96091K, capacity 98757K, committed 98864K, reserved 1134592K
  class space    used 13454K, capacity 14664K, committed 14720K, reserved 1048576K
}
Event: 441.778 GC heap before
{Heap before GC invocations=339 (full 129):
 garbage-first heap   total 314368K, used 123014K [0x0000000740000000, 0x0000000800000000)
  region size 1024K, 31 young (31744K), 1 survivors (1024K)
 Metaspace       used 96104K, capacity 98757K, committed 98864K, reserved 1134592K
  class space    used 13454K, capacity 14664K, committed 14720K, reserved 1048576K
}
Event: 441.843 GC heap after
{Heap after GC invocations=340 (full 130):
 garbage-first heap   total 314368K, used 92373K [0x0000000740000000, 0x0000000800000000)
  region size 1024K, 0 young (0K), 0 survivors (0K)
 Metaspace       used 96104K, capacity 98757K, committed 98864K, reserved 1134592K
  class space    used 13454K, capacity 14664K, committed 14720K, reserved 1048576K
}
Event: 443.879 GC heap before
{Heap before GC invocations=340 (full 130):
 garbage-first heap   total 314368K, used 153813K [0x0000000740000000, 0x0000000800000000)
  region size 1024K, 60 young (61440K), 0 survivors (0K)
 Metaspace       used 96121K, capacity 98757K, committed 98864K, reserved 1134592K
  class space    used 13454K, capacity 14664K, committed 14720K, reserved 1048576K
}
Event: 443.881 GC heap after
{Heap after GC invocations=341 (full 130):
 garbage-first heap   total 314368K, used 92841K [0x0000000740000000, 0x0000000800000000)
  region size 1024K, 1 young (1024K), 1 survivors (1024K)
 Metaspace       used 96121K, capacity 98757K, committed 98864K, reserved 1134592K
  class space    used 13454K, capacity 14664K, committed 14720K, reserved 1048576K
}

